<?xml version="1.0" encoding="UTF-8"?>
<!-- Generated by org.testng.reporters.JUnitXMLReporter -->
<testsuite ignored="0" hostname="avdp1cus60-009" failures="0" tests="2" name="FirefixTest" time="73.341" errors="0" timestamp="2026-09-16T06:30:36 UTC">
  <testcase classname="testClasses.TC001_RegisterTest" name="testRegisteration" time="0.0">
    <skipped/>
  </testcase> <!-- testRegisteration -->
  <testcase classname="testClasses.TC002_LoginTest" name="testLogin" time="14.432"/>
</testsuite> <!-- FirefixTest -->
