<?xml version="1.0" encoding="UTF-8"?>
<testng-results ignored="0" total="2" passed="2" failed="0" skipped="0">
  <reporter-output>
  </reporter-output>
  <suite started-at="2026-09-18T10:56:37 UTC" name="Suite" finished-at="2026-09-18T10:57:04 UTC" duration-ms="26419">
    <groups>
      <group name="Master">
        <method signature="TC001_RegisterTest.testRegisteration()[pri:0, instance:testClasses.TC001_RegisterTest@34f22f9d]" name="testRegisteration" class="testClasses.TC001_RegisterTest"/>
        <method signature="TC002_LoginTest.testLogin()[pri:0, instance:testClasses.TC002_LoginTest@1b7c473a]" name="testLogin" class="testClasses.TC002_LoginTest"/>
      </group> <!-- Master -->
      <group name="Sanity">
        <method signature="TC002_LoginTest.testLogin()[pri:0, instance:testClasses.TC002_LoginTest@1b7c473a]" name="testLogin" class="testClasses.TC002_LoginTest"/>
      </group> <!-- Sanity -->
      <group name="Regression">
        <method signature="TC001_RegisterTest.testRegisteration()[pri:0, instance:testClasses.TC001_RegisterTest@34f22f9d]" name="testRegisteration" class="testClasses.TC001_RegisterTest"/>
      </group> <!-- Regression -->
    </groups>
    <test started-at="2026-09-18T10:56:37 UTC" name="Test" finished-at="2026-09-18T10:57:04 UTC" duration-ms="26419">
      <class name="testClasses.TC001_RegisterTest">
        <test-method is-config="true" signature="setUp(java.lang.String,java.lang.String)[pri:0, instance:testClasses.TC001_RegisterTest@34f22f9d]" started-at="2026-09-18T10:56:38 UTC" name="setUp" finished-at="2026-09-18T10:56:44 UTC" duration-ms="6490" status="PASS">
          <params>
            <param index="0">
              <value>
                <![CDATA[chrome]]>
              </value>
            </param>
            <param index="1">
              <value>
                <![CDATA[windows]]>
              </value>
            </param>
          </params>
          <reporter-output>
          </reporter-output>
        </test-method> <!-- setUp -->
        <test-method signature="testRegisteration()[pri:0, instance:testClasses.TC001_RegisterTest@34f22f9d]" started-at="2026-09-18T10:56:44 UTC" name="testRegisteration" finished-at="2026-09-18T10:56:48 UTC" duration-ms="4003" status="PASS">
          <reporter-output>
          </reporter-output>
        </test-method> <!-- testRegisteration -->
        <test-method is-config="true" signature="tearDown()[pri:0, instance:testClasses.TC001_RegisterTest@34f22f9d]" started-at="2026-09-18T10:56:48 UTC" name="tearDown" finished-at="2026-09-18T10:56:49 UTC" duration-ms="265" status="PASS">
          <reporter-output>
          </reporter-output>
        </test-method> <!-- tearDown -->
      </class> <!-- testClasses.TC001_RegisterTest -->
      <class name="testClasses.TC002_LoginTest">
        <test-method is-config="true" signature="setUp(java.lang.String,java.lang.String)[pri:0, instance:testClasses.TC002_LoginTest@1b7c473a]" started-at="2026-09-18T10:56:49 UTC" name="setUp" finished-at="2026-09-18T10:56:52 UTC" duration-ms="3371" status="PASS">
          <params>
            <param index="0">
              <value>
                <![CDATA[chrome]]>
              </value>
            </param>
            <param index="1">
              <value>
                <![CDATA[windows]]>
              </value>
            </param>
          </params>
          <reporter-output>
          </reporter-output>
        </test-method> <!-- setUp -->
        <test-method signature="testLogin()[pri:0, instance:testClasses.TC002_LoginTest@1b7c473a]" started-at="2026-09-18T10:56:52 UTC" name="testLogin" finished-at="2026-09-18T10:57:02 UTC" duration-ms="9771" status="PASS">
          <reporter-output>
          </reporter-output>
        </test-method> <!-- testLogin -->
        <test-method is-config="true" signature="tearDown()[pri:0, instance:testClasses.TC002_LoginTest@1b7c473a]" started-at="2026-09-18T10:57:02 UTC" name="tearDown" finished-at="2026-09-18T10:57:04 UTC" duration-ms="2113" status="PASS">
          <reporter-output>
          </reporter-output>
        </test-method> <!-- tearDown -->
      </class> <!-- testClasses.TC002_LoginTest -->
    </test> <!-- Test -->
  </suite> <!-- Suite -->
</testng-results>
